<?xml version="1.0" encoding="UTF-8"?>
<testng-results ignored="0" total="2" passed="2" failed="0" skipped="0">
  <reporter-output>
  </reporter-output>
  <suite started-at="2025-10-13T13:59:15 IST" name="Default suite" finished-at="2025-10-13T13:59:26 IST" duration-ms="11051">
    <groups>
    </groups>
    <test started-at="2025-10-13T13:59:15 IST" name="Default test" finished-at="2025-10-13T13:59:26 IST" duration-ms="11051">
      <class name="com.actitime.testscript.CustomerModule">
        <test-method is-config="true" signature="openBrowser()[pri:0, instance:com.actitime.testscript.CustomerModule@4d0f2471]" started-at="2025-10-13T13:59:15 IST" name="openBrowser" finished-at="2025-10-13T13:59:16 IST" duration-ms="1674" status="PASS">
          <reporter-output>
          </reporter-output>
        </test-method> <!-- openBrowser -->
        <test-method is-config="true" signature="login()[pri:0, instance:com.actitime.testscript.CustomerModule@4d0f2471]" started-at="2025-10-13T13:59:16 IST" name="login" finished-at="2025-10-13T13:59:17 IST" duration-ms="453" status="PASS">
          <reporter-output>
          </reporter-output>
        </test-method> <!-- login -->
        <test-method signature="createCustomer()[pri:0, instance:com.actitime.testscript.CustomerModule@4d0f2471]" started-at="2025-10-13T13:59:17 IST" name="createCustomer" finished-at="2025-10-13T13:59:19 IST" duration-ms="2216" status="PASS">
          <reporter-output>
          </reporter-output>
        </test-method> <!-- createCustomer -->
        <test-method is-config="true" signature="logout()[pri:0, instance:com.actitime.testscript.CustomerModule@4d0f2471]" started-at="2025-10-13T13:59:19 IST" name="logout" finished-at="2025-10-13T13:59:21 IST" duration-ms="2147" status="PASS">
          <reporter-output>
          </reporter-output>
        </test-method> <!-- logout -->
        <test-method is-config="true" signature="login()[pri:0, instance:com.actitime.testscript.CustomerModule@4d0f2471]" started-at="2025-10-13T13:59:21 IST" name="login" finished-at="2025-10-13T13:59:21 IST" duration-ms="130" status="PASS">
          <reporter-output>
          </reporter-output>
        </test-method> <!-- login -->
        <test-method signature="deleteCustomer()[pri:0, instance:com.actitime.testscript.CustomerModule@4d0f2471]" started-at="2025-10-13T13:59:21 IST" name="deleteCustomer" finished-at="2025-10-13T13:59:25 IST" duration-ms="4038" status="PASS">
          <reporter-output>
          </reporter-output>
        </test-method> <!-- deleteCustomer -->
        <test-method is-config="true" signature="logout()[pri:0, instance:com.actitime.testscript.CustomerModule@4d0f2471]" started-at="2025-10-13T13:59:25 IST" name="logout" finished-at="2025-10-13T13:59:26 IST" duration-ms="140" status="PASS">
          <reporter-output>
          </reporter-output>
        </test-method> <!-- logout -->
        <test-method is-config="true" signature="closeBrowser()[pri:0, instance:com.actitime.testscript.CustomerModule@4d0f2471]" started-at="2025-10-13T13:59:26 IST" name="closeBrowser" finished-at="2025-10-13T13:59:26 IST" duration-ms="204" status="PASS">
          <reporter-output>
          </reporter-output>
        </test-method> <!-- closeBrowser -->
      </class> <!-- com.actitime.testscript.CustomerModule -->
    </test> <!-- Default test -->
  </suite> <!-- Default suite -->
</testng-results>
