<?xml version="1.0" encoding="UTF-8"?>
<!-- Generated by org.testng.reporters.JUnitReportReporter -->
<testsuite hostname="DESKTOP-SR1I626" failures="0" tests="2" name="com.actitime.testscript.CustomerModule" time="9.124" errors="0" timestamp="2025-10-13T13:59:26 IST" skipped="0">
  <testcase classname="com.actitime.testscript.CustomerModule" name="createCustomer" time="4.493"/>
  <system-out/>
  <testcase classname="com.actitime.testscript.CustomerModule" name="deleteCustomer" time="4.631"/>
  <system-out/>
</testsuite> <!-- com.actitime.testscript.CustomerModule -->
